  main.c
C:\Users\Larraitz\Documents\GitHub\ST_MRF4\STUHFL_demo\STUHFL_demo\main.c(132,9): warning C4996: 'SetFreqProfile': se declaró desusado
C:\Users\Larraitz\Documents\GitHub\ST_MRF4\STUHFL_demo\STUHFL_demo\main.c(136,9): warning C4996: 'SetFreqProfile': se declaró desusado
C:\Users\Larraitz\Documents\GitHub\ST_MRF4\STUHFL_demo\STUHFL_demo\main.c(149,5): warning C4996: 'Tune': se declaró desusado
C:\Users\Larraitz\Documents\GitHub\ST_MRF4\STUHFL_demo\STUHFL_demo\main.c(307,13): warning C4996: 'sprintf': This function or variable may be unsafe. Consider using sprintf_s instead. To disable deprecation, use _CRT_SECURE_NO_WARNINGS. See online help for details.
C:\Users\Larraitz\Documents\GitHub\ST_MRF4\STUHFL_demo\STUHFL_demo\main.c(309,13): warning C4996: 'strcat': This function or variable may be unsafe. Consider using strcat_s instead. To disable deprecation, use _CRT_SECURE_NO_WARNINGS. See online help for details.
C:\Users\Larraitz\Documents\GitHub\ST_MRF4\STUHFL_demo\STUHFL_demo\main.c(317,9): warning C4996: 'sprintf': This function or variable may be unsafe. Consider using sprintf_s instead. To disable deprecation, use _CRT_SECURE_NO_WARNINGS. See online help for details.
C:\Users\Larraitz\Documents\GitHub\ST_MRF4\STUHFL_demo\STUHFL_demo\main.c(405,20): warning C4477: 'printf' : la cadena de formato '%s' requiere un argumento de tipo 'char *', pero el argumento variádico 1 tiene el tipo 'STUHFL_T_ST25RU3993_Antenna_Power'
C:\Users\Larraitz\Documents\GitHub\ST_MRF4\STUHFL_demo\STUHFL_demo\main.c(442,48): warning C4267: 'función': conversión de 'size_t' a 'int'; posible pérdida de datos
C:\Users\Larraitz\Documents\GitHub\ST_MRF4\STUHFL_demo\STUHFL_demo\main.c(572,41): warning C4047: '=': 'uint8_t' es distinto en los niveles de direccionamiento indirecto de 'char *'
C:\Users\Larraitz\Documents\GitHub\ST_MRF4\STUHFL_demo\STUHFL_demo\main.c(583,40): warning C4047: '=': 'uint8_t' es distinto en los niveles de direccionamiento indirecto de 'char *'
C:\Users\Larraitz\Documents\GitHub\ST_MRF4\STUHFL_demo\STUHFL_demo\main.c(629,62): warning C4267: 'función': conversión de 'size_t' a 'int'; posible pérdida de datos
C:\Users\Larraitz\Documents\GitHub\ST_MRF4\STUHFL_demo\STUHFL_demo\main.c(385,22): warning C4996: 'strtok': This function or variable may be unsafe. Consider using strtok_s instead. To disable deprecation, use _CRT_SECURE_NO_WARNINGS. See online help for details.
C:\Users\Larraitz\Documents\GitHub\ST_MRF4\STUHFL_demo\STUHFL_demo\main.c(386,9): warning C4996: 'sprintf': This function or variable may be unsafe. Consider using sprintf_s instead. To disable deprecation, use _CRT_SECURE_NO_WARNINGS. See online help for details.
C:\Users\Larraitz\Documents\GitHub\ST_MRF4\STUHFL_demo\STUHFL_demo\main.c(411,26): warning C4996: 'strtok': This function or variable may be unsafe. Consider using strtok_s instead. To disable deprecation, use _CRT_SECURE_NO_WARNINGS. See online help for details.
C:\Users\Larraitz\Documents\GitHub\ST_MRF4\STUHFL_demo\STUHFL_demo\main.c(412,25): warning C4996: 'strtok': This function or variable may be unsafe. Consider using strtok_s instead. To disable deprecation, use _CRT_SECURE_NO_WARNINGS. See online help for details.
C:\Users\Larraitz\Documents\GitHub\ST_MRF4\STUHFL_demo\STUHFL_demo\main.c(440,13): warning C4996: 'strcat': This function or variable may be unsafe. Consider using strcat_s instead. To disable deprecation, use _CRT_SECURE_NO_WARNINGS. See online help for details.
C:\Users\Larraitz\Documents\GitHub\ST_MRF4\STUHFL_demo\STUHFL_demo\main.c(446,26): warning C4996: 'strtok': This function or variable may be unsafe. Consider using strtok_s instead. To disable deprecation, use _CRT_SECURE_NO_WARNINGS. See online help for details.
C:\Users\Larraitz\Documents\GitHub\ST_MRF4\STUHFL_demo\STUHFL_demo\main.c(447,25): warning C4996: 'strtok': This function or variable may be unsafe. Consider using strtok_s instead. To disable deprecation, use _CRT_SECURE_NO_WARNINGS. See online help for details.
C:\Users\Larraitz\Documents\GitHub\ST_MRF4\STUHFL_demo\STUHFL_demo\main.c(463,13): warning C4996: 'sprintf': This function or variable may be unsafe. Consider using sprintf_s instead. To disable deprecation, use _CRT_SECURE_NO_WARNINGS. See online help for details.
C:\Users\Larraitz\Documents\GitHub\ST_MRF4\STUHFL_demo\STUHFL_demo\main.c(471,26): warning C4996: 'strtok': This function or variable may be unsafe. Consider using strtok_s instead. To disable deprecation, use _CRT_SECURE_NO_WARNINGS. See online help for details.
C:\Users\Larraitz\Documents\GitHub\ST_MRF4\STUHFL_demo\STUHFL_demo\main.c(472,28): warning C4996: 'strtok': This function or variable may be unsafe. Consider using strtok_s instead. To disable deprecation, use _CRT_SECURE_NO_WARNINGS. See online help for details.
C:\Users\Larraitz\Documents\GitHub\ST_MRF4\STUHFL_demo\STUHFL_demo\main.c(481,17): warning C4996: 'sprintf': This function or variable may be unsafe. Consider using sprintf_s instead. To disable deprecation, use _CRT_SECURE_NO_WARNINGS. See online help for details.
C:\Users\Larraitz\Documents\GitHub\ST_MRF4\STUHFL_demo\STUHFL_demo\main.c(483,17): warning C4996: 'sprintf': This function or variable may be unsafe. Consider using sprintf_s instead. To disable deprecation, use _CRT_SECURE_NO_WARNINGS. See online help for details.
C:\Users\Larraitz\Documents\GitHub\ST_MRF4\STUHFL_demo\STUHFL_demo\main.c(486,17): warning C4996: 'sprintf': This function or variable may be unsafe. Consider using sprintf_s instead. To disable deprecation, use _CRT_SECURE_NO_WARNINGS. See online help for details.
C:\Users\Larraitz\Documents\GitHub\ST_MRF4\STUHFL_demo\STUHFL_demo\main.c(489,17): warning C4996: 'sprintf': This function or variable may be unsafe. Consider using sprintf_s instead. To disable deprecation, use _CRT_SECURE_NO_WARNINGS. See online help for details.
C:\Users\Larraitz\Documents\GitHub\ST_MRF4\STUHFL_demo\STUHFL_demo\main.c(497,26): warning C4996: 'strtok': This function or variable may be unsafe. Consider using strtok_s instead. To disable deprecation, use _CRT_SECURE_NO_WARNINGS. See online help for details.
C:\Users\Larraitz\Documents\GitHub\ST_MRF4\STUHFL_demo\STUHFL_demo\main.c(498,25): warning C4996: 'strtok': This function or variable may be unsafe. Consider using strtok_s instead. To disable deprecation, use _CRT_SECURE_NO_WARNINGS. See online help for details.
C:\Users\Larraitz\Documents\GitHub\ST_MRF4\STUHFL_demo\STUHFL_demo\main.c(501,1): warning C4047: 'inicializando': 'int' es distinto en los niveles de direccionamiento indirecto de 'char *'
C:\Users\Larraitz\Documents\GitHub\ST_MRF4\STUHFL_demo\STUHFL_demo\main.c(528,13): warning C4996: 'SetFreqProfile': se declaró desusado
C:\Users\Larraitz\Documents\GitHub\ST_MRF4\STUHFL_demo\STUHFL_demo\main.c(533,26): warning C4996: 'strtok': This function or variable may be unsafe. Consider using strtok_s instead. To disable deprecation, use _CRT_SECURE_NO_WARNINGS. See online help for details.
C:\Users\Larraitz\Documents\GitHub\ST_MRF4\STUHFL_demo\STUHFL_demo\main.c(534,26): warning C4996: 'strtok': This function or variable may be unsafe. Consider using strtok_s instead. To disable deprecation, use _CRT_SECURE_NO_WARNINGS. See online help for details.
C:\Users\Larraitz\Documents\GitHub\ST_MRF4\STUHFL_demo\STUHFL_demo\main.c(543,26): warning C4996: 'strtok': This function or variable may be unsafe. Consider using strtok_s instead. To disable deprecation, use _CRT_SECURE_NO_WARNINGS. See online help for details.
C:\Users\Larraitz\Documents\GitHub\ST_MRF4\STUHFL_demo\STUHFL_demo\main.c(544,25): warning C4996: 'strtok': This function or variable may be unsafe. Consider using strtok_s instead. To disable deprecation, use _CRT_SECURE_NO_WARNINGS. See online help for details.
C:\Users\Larraitz\Documents\GitHub\ST_MRF4\STUHFL_demo\STUHFL_demo\main.c(552,26): warning C4996: 'strtok': This function or variable may be unsafe. Consider using strtok_s instead. To disable deprecation, use _CRT_SECURE_NO_WARNINGS. See online help for details.
C:\Users\Larraitz\Documents\GitHub\ST_MRF4\STUHFL_demo\STUHFL_demo\main.c(553,23): warning C4996: 'strtok': This function or variable may be unsafe. Consider using strtok_s instead. To disable deprecation, use _CRT_SECURE_NO_WARNINGS. See online help for details.
C:\Users\Larraitz\Documents\GitHub\ST_MRF4\STUHFL_demo\STUHFL_demo\main.c(567,26): warning C4996: 'strtok': This function or variable may be unsafe. Consider using strtok_s instead. To disable deprecation, use _CRT_SECURE_NO_WARNINGS. See online help for details.
C:\Users\Larraitz\Documents\GitHub\ST_MRF4\STUHFL_demo\STUHFL_demo\main.c(568,29): warning C4996: 'strtok': This function or variable may be unsafe. Consider using strtok_s instead. To disable deprecation, use _CRT_SECURE_NO_WARNINGS. See online help for details.
C:\Users\Larraitz\Documents\GitHub\ST_MRF4\STUHFL_demo\STUHFL_demo\main.c(579,26): warning C4996: 'strtok': This function or variable may be unsafe. Consider using strtok_s instead. To disable deprecation, use _CRT_SECURE_NO_WARNINGS. See online help for details.
C:\Users\Larraitz\Documents\GitHub\ST_MRF4\STUHFL_demo\STUHFL_demo\main.c(580,28): warning C4996: 'strtok': This function or variable may be unsafe. Consider using strtok_s instead. To disable deprecation, use _CRT_SECURE_NO_WARNINGS. See online help for details.
C:\Users\Larraitz\Documents\GitHub\ST_MRF4\STUHFL_demo\STUHFL_demo\main.c(622,25): warning C4996: 'sprintf': This function or variable may be unsafe. Consider using sprintf_s instead. To disable deprecation, use _CRT_SECURE_NO_WARNINGS. See online help for details.
C:\Users\Larraitz\Documents\GitHub\ST_MRF4\STUHFL_demo\STUHFL_demo\main.c(624,25): warning C4996: 'strcat': This function or variable may be unsafe. Consider using strcat_s instead. To disable deprecation, use _CRT_SECURE_NO_WARNINGS. See online help for details.
C:\Users\Larraitz\Documents\GitHub\ST_MRF4\STUHFL_demo\STUHFL_demo\main.c(627,21): warning C4996: 'sprintf': This function or variable may be unsafe. Consider using sprintf_s instead. To disable deprecation, use _CRT_SECURE_NO_WARNINGS. See online help for details.
C:\Users\Larraitz\Documents\GitHub\ST_MRF4\STUHFL_demo\STUHFL_demo\main.c(329,13): warning C4101: 'WSAData': variable local sin referencia
C:\Users\Larraitz\Documents\GitHub\ST_MRF4\STUHFL_demo\STUHFL_demo\main.c(427,18): warning C4101: 'selAnt': variable local sin referencia
C:\Users\Larraitz\Documents\GitHub\ST_MRF4\STUHFL_demo\STUHFL_demo\main.c(436,18): warning C4101: 'selAntSend': variable local sin referencia
C:\Users\Larraitz\Documents\GitHub\ST_MRF4\STUHFL_demo\STUHFL_demo\main.c(657,18): warning C4101: 'EPCBuf': variable local sin referencia
  STUHFL_demo.vcxproj -> C:\Users\Larraitz\Documents\GitHub\ST_MRF4\STUHFL_demo\x64\Debug\STUHFL_demo.exe
