c:\users\larraitz\documents\github\st_mrf4\stuhfl_demo\stuhfl_demo\x64\debug\vc142.pdb
c:\users\larraitz\documents\github\st_mrf4\stuhfl_demo\stuhfl_demo\x64\debug\vc142.idb
c:\users\larraitz\documents\github\st_mrf4\stuhfl_demo\stuhfl_demo\x64\debug\stuhfl_demoplayground.obj
c:\users\larraitz\documents\github\st_mrf4\stuhfl_demo\stuhfl_demo\x64\debug\stuhfl_demobasic.obj
c:\users\larraitz\documents\github\st_mrf4\stuhfl_demo\stuhfl_demo\x64\debug\stuhfl_demoevalapi.obj
c:\users\larraitz\documents\github\st_mrf4\stuhfl_demo\stuhfl_demo\x64\debug\stuhfl_demoinventoryrunner.obj
c:\users\larraitz\documents\github\st_mrf4\stuhfl_demo\stuhfl_demo\x64\debug\stuhfl_demointeractive.obj
c:\users\larraitz\documents\github\st_mrf4\stuhfl_demo\stuhfl_demo\x64\debug\stuhfl_demo.obj
c:\users\larraitz\documents\github\st_mrf4\stuhfl_demo\stuhfl_demo\x64\debug\main.obj
c:\users\larraitz\documents\github\st_mrf4\stuhfl_demo\x64\debug\stuhfl_demo.ilk
c:\users\larraitz\documents\github\st_mrf4\stuhfl_demo\x64\debug\stuhfl_demo.exe
c:\users\larraitz\documents\github\st_mrf4\stuhfl_demo\x64\debug\stuhfl_demo.pdb
c:\users\larraitz\documents\github\st_mrf4\stuhfl_demo\stuhfl_demo\x64\debug\stuhfl_demo.tlog\cl.command.1.tlog
c:\users\larraitz\documents\github\st_mrf4\stuhfl_demo\stuhfl_demo\x64\debug\stuhfl_demo.tlog\cl.read.1.tlog
c:\users\larraitz\documents\github\st_mrf4\stuhfl_demo\stuhfl_demo\x64\debug\stuhfl_demo.tlog\cl.write.1.tlog
c:\users\larraitz\documents\github\st_mrf4\stuhfl_demo\stuhfl_demo\x64\debug\stuhfl_demo.tlog\link.19224-cvtres.read.1.tlog
c:\users\larraitz\documents\github\st_mrf4\stuhfl_demo\stuhfl_demo\x64\debug\stuhfl_demo.tlog\link.19224-cvtres.write.1.tlog
c:\users\larraitz\documents\github\st_mrf4\stuhfl_demo\stuhfl_demo\x64\debug\stuhfl_demo.tlog\link.19224-rc.read.1.tlog
c:\users\larraitz\documents\github\st_mrf4\stuhfl_demo\stuhfl_demo\x64\debug\stuhfl_demo.tlog\link.19224-rc.write.1.tlog
c:\users\larraitz\documents\github\st_mrf4\stuhfl_demo\stuhfl_demo\x64\debug\stuhfl_demo.tlog\link.19224.read.1.tlog
c:\users\larraitz\documents\github\st_mrf4\stuhfl_demo\stuhfl_demo\x64\debug\stuhfl_demo.tlog\link.19224.write.1.tlog
c:\users\larraitz\documents\github\st_mrf4\stuhfl_demo\stuhfl_demo\x64\debug\stuhfl_demo.tlog\link.command.1.tlog
c:\users\larraitz\documents\github\st_mrf4\stuhfl_demo\stuhfl_demo\x64\debug\stuhfl_demo.tlog\link.read.1.tlog
c:\users\larraitz\documents\github\st_mrf4\stuhfl_demo\stuhfl_demo\x64\debug\stuhfl_demo.tlog\link.write.1.tlog
