c:\users\larraitz\desktop\st25ru3993 stuhfl sdk package v2-3-0-0\middleware\clib\stuhfl\debug\vc142.pdb
c:\users\larraitz\desktop\st25ru3993 stuhfl sdk package v2-3-0-0\middleware\clib\stuhfl\debug\vc142.idb
c:\users\larraitz\desktop\st25ru3993 stuhfl sdk package v2-3-0-0\middleware\clib\stuhfl\debug\stuhfl_sl.obj
c:\users\larraitz\desktop\st25ru3993 stuhfl sdk package v2-3-0-0\middleware\clib\stuhfl\debug\stuhfl_pl.obj
c:\users\larraitz\desktop\st25ru3993 stuhfl sdk package v2-3-0-0\middleware\clib\stuhfl\debug\stuhfl_log.obj
c:\users\larraitz\desktop\st25ru3993 stuhfl sdk package v2-3-0-0\middleware\clib\stuhfl\debug\stuhfl_helpers.obj
c:\users\larraitz\desktop\st25ru3993 stuhfl sdk package v2-3-0-0\middleware\clib\stuhfl\debug\stuhfl_evalapi_host.obj
c:\users\larraitz\desktop\st25ru3993 stuhfl sdk package v2-3-0-0\middleware\clib\stuhfl\debug\stuhfl_dl.obj
c:\users\larraitz\desktop\st25ru3993 stuhfl sdk package v2-3-0-0\middleware\clib\stuhfl\debug\stuhfl_al.obj
c:\users\larraitz\desktop\st25ru3993 stuhfl sdk package v2-3-0-0\middleware\clib\stuhfl\debug\stuhfl.obj
c:\users\larraitz\desktop\st25ru3993 stuhfl sdk package v2-3-0-0\middleware\clib\stuhfl\debug\stuhfl_platform.obj
c:\users\larraitz\desktop\st25ru3993 stuhfl sdk package v2-3-0-0\middleware\clib\stuhfl\debug\stuhfl_bl_win32.obj
c:\users\larraitz\source\repos\project1\debug\stuhfl.ilk
c:\users\larraitz\source\repos\project1\debug\stuhfl.dll
c:\users\larraitz\source\repos\project1\debug\stuhfl.map
c:\users\larraitz\source\repos\project1\debug\stuhfl.pdb
c:\users\larraitz\source\repos\project1\debug\stuhfl.lib
c:\users\larraitz\source\repos\project1\debug\stuhfl.exp
c:\users\larraitz\desktop\st25ru3993 stuhfl sdk package v2-3-0-0\middleware\clib\stuhfl\debug\stuhfl.tlog\cl.command.1.tlog
c:\users\larraitz\desktop\st25ru3993 stuhfl sdk package v2-3-0-0\middleware\clib\stuhfl\debug\stuhfl.tlog\cl.read.1.tlog
c:\users\larraitz\desktop\st25ru3993 stuhfl sdk package v2-3-0-0\middleware\clib\stuhfl\debug\stuhfl.tlog\cl.write.1.tlog
c:\users\larraitz\desktop\st25ru3993 stuhfl sdk package v2-3-0-0\middleware\clib\stuhfl\debug\stuhfl.tlog\link.command.1.tlog
c:\users\larraitz\desktop\st25ru3993 stuhfl sdk package v2-3-0-0\middleware\clib\stuhfl\debug\stuhfl.tlog\link.read.1.tlog
c:\users\larraitz\desktop\st25ru3993 stuhfl sdk package v2-3-0-0\middleware\clib\stuhfl\debug\stuhfl.tlog\link.write.1.tlog
c:\users\larraitz\desktop\st25ru3993 stuhfl sdk package v2-3-0-0\middleware\clib\stuhfl\debug\stuhfl.tlog\stuhfl.write.1u.tlog
